This file contains any messages produced by compilers while
running configure, to aid debugging if configure makes a mistake.

It was created by memcached configure 1.2.7, which was
generated by GNU Autoconf 2.69.  Invocation command line was

  $ ./configure --no-create --no-recursion

## --------- ##
## Platform. ##
## --------- ##

hostname = node-0.btauro-162616.rmt-pg0.utah.cloudlab.us
uname -m = x86_64
uname -r = 5.0.0-20-generic
uname -s = Linux
uname -v = #21~18.04.1-Ubuntu SMP Thu Jun 27 04:04:37 UTC 2019

/usr/bin/uname -p = unknown
/bin/uname -X     = unknown

/bin/arch              = unknown
/usr/bin/arch -k       = unknown
/usr/convex/getsysinfo = unknown
/usr/bin/hostinfo      = unknown
/bin/machine           = unknown
/usr/bin/oslevel       = unknown
/bin/universe          = unknown

PATH: /home/noelle/install/bin
PATH: /home/llvm-project/build/bin
PATH: /home/noelle/install/bin
PATH: /home/llvm-project/build/bin
PATH: /home/noelle/install/bin
PATH: /home/llvm-project/build/bin
PATH: /home/noelle/install/bin
PATH: /home/llvm-project/build/bin
PATH: /home/noelle/install/bin
PATH: /home/llvm-project/build/bin
PATH: /home/noelle/install/bin
PATH: /home/noelle/install/bin
PATH: /users/btauro/.local/bin
PATH: /users/btauro/.local/bin
PATH: /usr/local/sbin
PATH: /usr/local/bin
PATH: /usr/sbin
PATH: /usr/bin
PATH: /sbin
PATH: /bin
PATH: /usr/games
PATH: /usr/local/games


## ----------- ##
## Core tests. ##
## ----------- ##

configure:2321: checking build system type
configure:2335: result: x86_64-unknown-linux-gnu
configure:2355: checking host system type
configure:2368: result: x86_64-unknown-linux-gnu
configure:2388: checking target system type
configure:2401: result: x86_64-unknown-linux-gnu
configure:2445: checking for a BSD-compatible install
configure:2513: result: /usr/bin/install -c
configure:2524: checking whether build environment is sane
configure:2561: result: yes
configure:2586: checking for a thread-safe mkdir -p
configure:2625: result: /bin/mkdir -p
configure:2638: checking for gawk
configure:2668: result: no
configure:2638: checking for mawk
configure:2654: found /usr/bin/mawk
configure:2665: result: mawk
configure:2676: checking whether make sets $(MAKE)
configure:2698: result: yes
configure:2931: checking for gcc
configure:2947: found /usr/bin/gcc
configure:2958: result: gcc
configure:3187: checking for C compiler version
configure:3196: gcc --version >&5
gcc (Ubuntu 7.5.0-3ubuntu1~18.04) 7.5.0
Copyright (C) 2017 Free Software Foundation, Inc.
This is free software; see the source for copying conditions.  There is NO
warranty; not even for MERCHANTABILITY or FITNESS FOR A PARTICULAR PURPOSE.

configure:3207: $? = 0
configure:3196: gcc -v >&5
Using built-in specs.
COLLECT_GCC=gcc
COLLECT_LTO_WRAPPER=/usr/lib/gcc/x86_64-linux-gnu/7/lto-wrapper
OFFLOAD_TARGET_NAMES=nvptx-none
OFFLOAD_TARGET_DEFAULT=1
Target: x86_64-linux-gnu
Configured with: ../src/configure -v --with-pkgversion='Ubuntu 7.5.0-3ubuntu1~18.04' --with-bugurl=file:///usr/share/doc/gcc-7/README.Bugs --enable-languages=c,ada,c++,go,brig,d,fortran,objc,obj-c++ --prefix=/usr --with-gcc-major-version-only --program-suffix=-7 --program-prefix=x86_64-linux-gnu- --enable-shared --enable-linker-build-id --libexecdir=/usr/lib --without-included-gettext --enable-threads=posix --libdir=/usr/lib --enable-nls --enable-bootstrap --enable-clocale=gnu --enable-libstdcxx-debug --enable-libstdcxx-time=yes --with-default-libstdcxx-abi=new --enable-gnu-unique-object --disable-vtable-verify --enable-libmpx --enable-plugin --enable-default-pie --with-system-zlib --with-target-system-zlib --enable-objc-gc=auto --enable-multiarch --disable-werror --with-arch-32=i686 --with-abi=m64 --with-multilib-list=m32,m64,mx32 --enable-multilib --with-tune=generic --enable-offload-targets=nvptx-none --without-cuda-driver --enable-checking=release --build=x86_64-linux-gnu --host=x86_64-linux-gnu --target=x86_64-linux-gnu
Thread model: posix
gcc version 7.5.0 (Ubuntu 7.5.0-3ubuntu1~18.04) 
configure:3207: $? = 0
configure:3196: gcc -V >&5
gcc: error: unrecognized command line option '-V'
gcc: fatal error: no input files
compilation terminated.
configure:3207: $? = 1
configure:3196: gcc -qversion >&5
gcc: error: unrecognized command line option '-qversion'; did you mean '--version'?
gcc: fatal error: no input files
compilation terminated.
configure:3207: $? = 1
configure:3227: checking whether the C compiler works
configure:3249: gcc    conftest.c  >&5
configure:3253: $? = 0
configure:3301: result: yes
configure:3304: checking for C compiler default output file name
configure:3306: result: a.out
configure:3312: checking for suffix of executables
configure:3319: gcc -o conftest    conftest.c  >&5
configure:3323: $? = 0
configure:3345: result: 
configure:3367: checking whether we are cross compiling
configure:3375: gcc -o conftest    conftest.c  >&5
configure:3379: $? = 0
configure:3386: ./conftest
configure:3390: $? = 0
configure:3405: result: no
configure:3410: checking for suffix of object files
configure:3432: gcc -c   conftest.c >&5
configure:3436: $? = 0
configure:3457: result: o
configure:3461: checking whether we are using the GNU C compiler
configure:3480: gcc -c   conftest.c >&5
configure:3480: $? = 0
configure:3489: result: yes
configure:3498: checking whether gcc accepts -g
configure:3518: gcc -c -g  conftest.c >&5
configure:3518: $? = 0
configure:3559: result: yes
configure:3576: checking for gcc option to accept ISO C89
configure:3639: gcc  -c -g -O2  conftest.c >&5
configure:3639: $? = 0
configure:3652: result: none needed
configure:3683: checking for style of include used by make
configure:3711: result: GNU
configure:3736: checking dependency style of gcc
configure:3827: result: gcc3
configure:3843: checking whether gcc and cc understand -c and -o together
configure:3874: gcc -c conftest.c -o conftest2.o >&5
configure:3878: $? = 0
configure:3884: gcc -c conftest.c -o conftest2.o >&5
configure:3888: $? = 0
configure:3899: cc -c conftest.c >&5
configure:3903: $? = 0
configure:3911: cc -c conftest.c -o conftest2.o >&5
configure:3915: $? = 0
configure:3921: cc -c conftest.c -o conftest2.o >&5
configure:3925: $? = 0
configure:3943: result: yes
configure:4097: checking for libevent directory
configure:4141: gcc -o conftest -g -O2   conftest.c  -levent >&5
configure:4141: $? = 0
configure:4169: result: (system)
configure:4188: checking for library containing socket
configure:4219: gcc -o conftest -g -O2   conftest.c  -levent >&5
configure:4219: $? = 0
configure:4236: result: none required
configure:4244: checking for library containing gethostbyname
configure:4275: gcc -o conftest -g -O2   conftest.c  -levent >&5
configure:4275: $? = 0
configure:4292: result: none required
configure:4300: checking for library containing mallinfo
configure:4331: gcc -o conftest -g -O2   conftest.c  -levent >&5
configure:4331: $? = 0
configure:4348: result: none required
configure:4357: checking for daemon
configure:4357: gcc -o conftest -g -O2   conftest.c  -levent >&5
configure:4357: $? = 0
configure:4357: result: yes
configure:4373: checking how to run the C preprocessor
configure:4404: gcc -E  conftest.c
configure:4404: $? = 0
configure:4418: gcc -E  conftest.c
conftest.c:13:10: fatal error: ac_nonexistent.h: No such file or directory
 #include <ac_nonexistent.h>
          ^~~~~~~~~~~~~~~~~~
compilation terminated.
configure:4418: $? = 1
configure: failed program was:
| /* confdefs.h */
| #define PACKAGE_NAME "memcached"
| #define PACKAGE_TARNAME "memcached"
| #define PACKAGE_VERSION "1.2.7"
| #define PACKAGE_STRING "memcached 1.2.7"
| #define PACKAGE_BUGREPORT "brad@danga.com"
| #define PACKAGE_URL ""
| #define PACKAGE "memcached"
| #define VERSION "1.2.7"
| #define ENABLE_DTRACE 0
| #define HAVE_DAEMON /**/
| /* end confdefs.h.  */
| #include <ac_nonexistent.h>
configure:4443: result: gcc -E
configure:4463: gcc -E  conftest.c
configure:4463: $? = 0
configure:4477: gcc -E  conftest.c
conftest.c:13:10: fatal error: ac_nonexistent.h: No such file or directory
 #include <ac_nonexistent.h>
          ^~~~~~~~~~~~~~~~~~
compilation terminated.
configure:4477: $? = 1
configure: failed program was:
| /* confdefs.h */
| #define PACKAGE_NAME "memcached"
| #define PACKAGE_TARNAME "memcached"
| #define PACKAGE_VERSION "1.2.7"
| #define PACKAGE_STRING "memcached 1.2.7"
| #define PACKAGE_BUGREPORT "brad@danga.com"
| #define PACKAGE_URL ""
| #define PACKAGE "memcached"
| #define VERSION "1.2.7"
| #define ENABLE_DTRACE 0
| #define HAVE_DAEMON /**/
| /* end confdefs.h.  */
| #include <ac_nonexistent.h>
configure:4506: checking for grep that handles long lines and -e
configure:4564: result: /bin/grep
configure:4569: checking for egrep
configure:4631: result: /bin/grep -E
configure:4636: checking for ANSI C header files
configure:4656: gcc -c -g -O2  conftest.c >&5
configure:4656: $? = 0
configure:4729: gcc -o conftest -g -O2   conftest.c  -levent >&5
configure:4729: $? = 0
configure:4729: ./conftest
configure:4729: $? = 0
configure:4740: result: yes
configure:4753: checking for sys/types.h
configure:4753: gcc -c -g -O2  conftest.c >&5
configure:4753: $? = 0
configure:4753: result: yes
configure:4753: checking for sys/stat.h
configure:4753: gcc -c -g -O2  conftest.c >&5
configure:4753: $? = 0
configure:4753: result: yes
configure:4753: checking for stdlib.h
configure:4753: gcc -c -g -O2  conftest.c >&5
configure:4753: $? = 0
configure:4753: result: yes
configure:4753: checking for string.h
configure:4753: gcc -c -g -O2  conftest.c >&5
configure:4753: $? = 0
configure:4753: result: yes
configure:4753: checking for memory.h
configure:4753: gcc -c -g -O2  conftest.c >&5
configure:4753: $? = 0
configure:4753: result: yes
configure:4753: checking for strings.h
configure:4753: gcc -c -g -O2  conftest.c >&5
configure:4753: $? = 0
configure:4753: result: yes
configure:4753: checking for inttypes.h
configure:4753: gcc -c -g -O2  conftest.c >&5
configure:4753: $? = 0
configure:4753: result: yes
configure:4753: checking for stdint.h
configure:4753: gcc -c -g -O2  conftest.c >&5
configure:4753: $? = 0
configure:4753: result: yes
configure:4753: checking for unistd.h
configure:4753: gcc -c -g -O2  conftest.c >&5
configure:4753: $? = 0
configure:4753: result: yes
configure:4765: checking for stdbool.h that conforms to C99
configure:4832: gcc -c -g -O2  conftest.c >&5
configure:4832: $? = 0
configure:4839: result: yes
configure:4841: checking for _Bool
configure:4841: gcc -c -g -O2  conftest.c >&5
configure:4841: $? = 0
configure:4841: gcc -c -g -O2  conftest.c >&5
conftest.c: In function 'main':
conftest.c:59:20: error: expected expression before ')' token
 if (sizeof ((_Bool)))
                    ^
configure:4841: $? = 1
configure: failed program was:
| /* confdefs.h */
| #define PACKAGE_NAME "memcached"
| #define PACKAGE_TARNAME "memcached"
| #define PACKAGE_VERSION "1.2.7"
| #define PACKAGE_STRING "memcached 1.2.7"
| #define PACKAGE_BUGREPORT "brad@danga.com"
| #define PACKAGE_URL ""
| #define PACKAGE "memcached"
| #define VERSION "1.2.7"
| #define ENABLE_DTRACE 0
| #define HAVE_DAEMON /**/
| #define STDC_HEADERS 1
| #define HAVE_SYS_TYPES_H 1
| #define HAVE_SYS_STAT_H 1
| #define HAVE_STDLIB_H 1
| #define HAVE_STRING_H 1
| #define HAVE_MEMORY_H 1
| #define HAVE_STRINGS_H 1
| #define HAVE_INTTYPES_H 1
| #define HAVE_STDINT_H 1
| #define HAVE_UNISTD_H 1
| /* end confdefs.h.  */
| #include <stdio.h>
| #ifdef HAVE_SYS_TYPES_H
| # include <sys/types.h>
| #endif
| #ifdef HAVE_SYS_STAT_H
| # include <sys/stat.h>
| #endif
| #ifdef STDC_HEADERS
| # include <stdlib.h>
| # include <stddef.h>
| #else
| # ifdef HAVE_STDLIB_H
| #  include <stdlib.h>
| # endif
| #endif
| #ifdef HAVE_STRING_H
| # if !defined STDC_HEADERS && defined HAVE_MEMORY_H
| #  include <memory.h>
| # endif
| # include <string.h>
| #endif
| #ifdef HAVE_STRINGS_H
| # include <strings.h>
| #endif
| #ifdef HAVE_INTTYPES_H
| # include <inttypes.h>
| #endif
| #ifdef HAVE_STDINT_H
| # include <stdint.h>
| #endif
| #ifdef HAVE_UNISTD_H
| # include <unistd.h>
| #endif
| int
| main ()
| {
| if (sizeof ((_Bool)))
| 	    return 0;
|   ;
|   return 0;
| }
configure:4841: result: yes
configure:4858: checking for an ANSI C-conforming const
configure:4924: gcc -c -g -O2  conftest.c >&5
configure:4924: $? = 0
configure:4931: result: yes
configure:4939: checking malloc.h usability
configure:4939: gcc -c -g -O2  conftest.c >&5
configure:4939: $? = 0
configure:4939: result: yes
configure:4939: checking malloc.h presence
configure:4939: gcc -E  conftest.c
configure:4939: $? = 0
configure:4939: result: yes
configure:4939: checking for malloc.h
configure:4939: result: yes
configure:4947: checking for struct mallinfo.arena
configure:4947: gcc -c -g -O2  conftest.c >&5
configure:4947: $? = 0
configure:4947: result: yes
configure:4963: checking for socklen_t
configure:4985: gcc -c -g -O2  conftest.c >&5
configure:4985: $? = 0
configure:4997: result: yes
configure:5008: checking for endianness
configure:5035: gcc -o conftest -g -O2   conftest.c  -levent >&5
conftest.c: In function 'main':
conftest.c:33:9: warning: implicit declaration of function 'exit' [-Wimplicit-function-declaration]
         exit(*c == 1);
         ^~~~
conftest.c:33:9: warning: incompatible implicit declaration of built-in function 'exit'
conftest.c:33:9: note: include '<stdlib.h>' or provide a declaration of 'exit'
configure:5035: $? = 0
configure:5035: ./conftest
configure:5035: $? = 1
configure: program exited with status 1
configure: failed program was:
| /* confdefs.h */
| #define PACKAGE_NAME "memcached"
| #define PACKAGE_TARNAME "memcached"
| #define PACKAGE_VERSION "1.2.7"
| #define PACKAGE_STRING "memcached 1.2.7"
| #define PACKAGE_BUGREPORT "brad@danga.com"
| #define PACKAGE_URL ""
| #define PACKAGE "memcached"
| #define VERSION "1.2.7"
| #define ENABLE_DTRACE 0
| #define HAVE_DAEMON /**/
| #define STDC_HEADERS 1
| #define HAVE_SYS_TYPES_H 1
| #define HAVE_SYS_STAT_H 1
| #define HAVE_STDLIB_H 1
| #define HAVE_STRING_H 1
| #define HAVE_MEMORY_H 1
| #define HAVE_STRINGS_H 1
| #define HAVE_INTTYPES_H 1
| #define HAVE_STDINT_H 1
| #define HAVE_UNISTD_H 1
| #define HAVE__BOOL 1
| #define HAVE_STDBOOL_H 1
| #define HAVE_MALLOC_H /**/
| #define HAVE_STRUCT_MALLINFO /**/
| /* end confdefs.h.  */
| 
| int
| main ()
| {
|         long val = 1;
|         char *c = (char *) &val;
|         exit(*c == 1);
| 
|   ;
|   return 0;
| }
| 
configure:5050: result: little
configure:5169: checking for mlockall
configure:5169: gcc -o conftest -g -O2   conftest.c  -levent >&5
configure:5169: $? = 0
configure:5169: result: yes
configure:5180: checking for getpagesizes
configure:5180: gcc -o conftest -g -O2   conftest.c  -levent >&5
/tmp/ccqWrcKW.o: In function `main':
/home/TrackFM/apps/memcached-1.2.7/conftest.c:63: undefined reference to `getpagesizes'
collect2: error: ld returned 1 exit status
configure:5180: $? = 1
configure: failed program was:
| /* confdefs.h */
| #define PACKAGE_NAME "memcached"
| #define PACKAGE_TARNAME "memcached"
| #define PACKAGE_VERSION "1.2.7"
| #define PACKAGE_STRING "memcached 1.2.7"
| #define PACKAGE_BUGREPORT "brad@danga.com"
| #define PACKAGE_URL ""
| #define PACKAGE "memcached"
| #define VERSION "1.2.7"
| #define ENABLE_DTRACE 0
| #define HAVE_DAEMON /**/
| #define STDC_HEADERS 1
| #define HAVE_SYS_TYPES_H 1
| #define HAVE_SYS_STAT_H 1
| #define HAVE_STDLIB_H 1
| #define HAVE_STRING_H 1
| #define HAVE_MEMORY_H 1
| #define HAVE_STRINGS_H 1
| #define HAVE_INTTYPES_H 1
| #define HAVE_STDINT_H 1
| #define HAVE_UNISTD_H 1
| #define HAVE__BOOL 1
| #define HAVE_STDBOOL_H 1
| #define HAVE_MALLOC_H /**/
| #define HAVE_STRUCT_MALLINFO /**/
| #define ENDIAN_LITTLE 1
| #define HAVE_MLOCKALL 1
| /* end confdefs.h.  */
| /* Define getpagesizes to an innocuous variant, in case <limits.h> declares getpagesizes.
|    For example, HP-UX 11i <limits.h> declares gettimeofday.  */
| #define getpagesizes innocuous_getpagesizes
| 
| /* System header to define __stub macros and hopefully few prototypes,
|     which can conflict with char getpagesizes (); below.
|     Prefer <limits.h> to <assert.h> if __STDC__ is defined, since
|     <limits.h> exists even on freestanding compilers.  */
| 
| #ifdef __STDC__
| # include <limits.h>
| #else
| # include <assert.h>
| #endif
| 
| #undef getpagesizes
| 
| /* Override any GCC internal prototype to avoid an error.
|    Use char because int might match the return type of a GCC
|    builtin and then its argument prototype would still apply.  */
| #ifdef __cplusplus
| extern "C"
| #endif
| char getpagesizes ();
| /* The GNU C library defines this for functions which it implements
|     to always fail with ENOSYS.  Some functions are actually named
|     something starting with __ and the normal name is an alias.  */
| #if defined __stub_getpagesizes || defined __stub___getpagesizes
| choke me
| #endif
| 
| int
| main ()
| {
| return getpagesizes ();
|   ;
|   return 0;
| }
configure:5180: result: no
configure:5191: checking for memcntl
configure:5191: gcc -o conftest -g -O2   conftest.c  -levent >&5
/tmp/ccqqmmk1.o: In function `main':
/home/TrackFM/apps/memcached-1.2.7/conftest.c:63: undefined reference to `memcntl'
collect2: error: ld returned 1 exit status
configure:5191: $? = 1
configure: failed program was:
| /* confdefs.h */
| #define PACKAGE_NAME "memcached"
| #define PACKAGE_TARNAME "memcached"
| #define PACKAGE_VERSION "1.2.7"
| #define PACKAGE_STRING "memcached 1.2.7"
| #define PACKAGE_BUGREPORT "brad@danga.com"
| #define PACKAGE_URL ""
| #define PACKAGE "memcached"
| #define VERSION "1.2.7"
| #define ENABLE_DTRACE 0
| #define HAVE_DAEMON /**/
| #define STDC_HEADERS 1
| #define HAVE_SYS_TYPES_H 1
| #define HAVE_SYS_STAT_H 1
| #define HAVE_STDLIB_H 1
| #define HAVE_STRING_H 1
| #define HAVE_MEMORY_H 1
| #define HAVE_STRINGS_H 1
| #define HAVE_INTTYPES_H 1
| #define HAVE_STDINT_H 1
| #define HAVE_UNISTD_H 1
| #define HAVE__BOOL 1
| #define HAVE_STDBOOL_H 1
| #define HAVE_MALLOC_H /**/
| #define HAVE_STRUCT_MALLINFO /**/
| #define ENDIAN_LITTLE 1
| #define HAVE_MLOCKALL 1
| /* end confdefs.h.  */
| /* Define memcntl to an innocuous variant, in case <limits.h> declares memcntl.
|    For example, HP-UX 11i <limits.h> declares gettimeofday.  */
| #define memcntl innocuous_memcntl
| 
| /* System header to define __stub macros and hopefully few prototypes,
|     which can conflict with char memcntl (); below.
|     Prefer <limits.h> to <assert.h> if __STDC__ is defined, since
|     <limits.h> exists even on freestanding compilers.  */
| 
| #ifdef __STDC__
| # include <limits.h>
| #else
| # include <assert.h>
| #endif
| 
| #undef memcntl
| 
| /* Override any GCC internal prototype to avoid an error.
|    Use char because int might match the return type of a GCC
|    builtin and then its argument prototype would still apply.  */
| #ifdef __cplusplus
| extern "C"
| #endif
| char memcntl ();
| /* The GNU C library defines this for functions which it implements
|     to always fail with ENOSYS.  Some functions are actually named
|     something starting with __ and the normal name is an alias.  */
| #if defined __stub_memcntl || defined __stub___memcntl
| choke me
| #endif
| 
| int
| main ()
| {
| return memcntl ();
|   ;
|   return 0;
| }
configure:5191: result: no
configure:5325: creating ./config.status

## ---------------- ##
## Cache variables. ##
## ---------------- ##

ac_cv_build=x86_64-unknown-linux-gnu
ac_cv_c_compiler_gnu=yes
ac_cv_c_const=yes
ac_cv_c_endian=little
ac_cv_c_socklen_t=yes
ac_cv_env_CC_set=
ac_cv_env_CC_value=
ac_cv_env_CFLAGS_set=
ac_cv_env_CFLAGS_value=
ac_cv_env_CPPFLAGS_set=
ac_cv_env_CPPFLAGS_value=
ac_cv_env_CPP_set=
ac_cv_env_CPP_value=
ac_cv_env_LDFLAGS_set=
ac_cv_env_LDFLAGS_value=
ac_cv_env_LIBS_set=
ac_cv_env_LIBS_value=
ac_cv_env_build_alias_set=
ac_cv_env_build_alias_value=
ac_cv_env_host_alias_set=
ac_cv_env_host_alias_value=
ac_cv_env_target_alias_set=
ac_cv_env_target_alias_value=
ac_cv_func_daemon=yes
ac_cv_func_getpagesizes=no
ac_cv_func_memcntl=no
ac_cv_func_mlockall=yes
ac_cv_header_inttypes_h=yes
ac_cv_header_malloc_h=yes
ac_cv_header_memory_h=yes
ac_cv_header_stdbool_h=yes
ac_cv_header_stdc=yes
ac_cv_header_stdint_h=yes
ac_cv_header_stdlib_h=yes
ac_cv_header_string_h=yes
ac_cv_header_strings_h=yes
ac_cv_header_sys_stat_h=yes
ac_cv_header_sys_types_h=yes
ac_cv_header_unistd_h=yes
ac_cv_host=x86_64-unknown-linux-gnu
ac_cv_libevent_dir='(system)'
ac_cv_member_struct_mallinfo_arena=yes
ac_cv_objext=o
ac_cv_path_EGREP='/bin/grep -E'
ac_cv_path_GREP=/bin/grep
ac_cv_path_install='/usr/bin/install -c'
ac_cv_path_mkdir=/bin/mkdir
ac_cv_prog_AWK=mawk
ac_cv_prog_CPP='gcc -E'
ac_cv_prog_ac_ct_CC=gcc
ac_cv_prog_cc_c89=
ac_cv_prog_cc_g=yes
ac_cv_prog_cc_gcc_c_o=yes
ac_cv_prog_make_make_set=yes
ac_cv_search_gethostbyname='none required'
ac_cv_search_mallinfo='none required'
ac_cv_search_socket='none required'
ac_cv_target=x86_64-unknown-linux-gnu
ac_cv_type__Bool=yes
am_cv_CC_dependencies_compiler_type=gcc3

## ----------------- ##
## Output variables. ##
## ----------------- ##

ACLOCAL='${SHELL} /home/TrackFM/apps/memcached-1.2.7/missing --run aclocal-1.10'
AMDEPBACKSLASH='\'
AMDEP_FALSE='#'
AMDEP_TRUE=''
AMTAR='${SHELL} /home/TrackFM/apps/memcached-1.2.7/missing --run tar'
AUTOCONF='${SHELL} /home/TrackFM/apps/memcached-1.2.7/missing --run autoconf'
AUTOHEADER='${SHELL} /home/TrackFM/apps/memcached-1.2.7/missing --run autoheader'
AUTOMAKE='${SHELL} /home/TrackFM/apps/memcached-1.2.7/missing --run automake-1.10'
AWK='mawk'
CC='gcc'
CCDEPMODE='depmode=gcc3'
CFLAGS='-g -O2'
CPP='gcc -E'
CPPFLAGS=''
CYGPATH_W='echo'
DAEMON_OBJ=''
DEFS='-DHAVE_CONFIG_H'
DEPDIR='.deps'
DTRACE=''
DTRACEFLAGS=''
DTRACE_DEBUG_OBJ=''
DTRACE_OBJ=''
ECHO_C=''
ECHO_N='-n'
ECHO_T=''
EGREP='/bin/grep -E'
EXEEXT=''
GREP='/bin/grep'
INSTALL_DATA='${INSTALL} -m 644'
INSTALL_PROGRAM='${INSTALL}'
INSTALL_SCRIPT='${INSTALL}'
INSTALL_STRIP_PROGRAM='$(install_sh) -c -s'
LDFLAGS=''
LIBOBJS=''
LIBS=' -levent'
LTLIBOBJS=''
MAKEINFO='${SHELL} /home/TrackFM/apps/memcached-1.2.7/missing --run makeinfo'
MKDIR_P='/bin/mkdir -p'
OBJEXT='o'
PACKAGE='memcached'
PACKAGE_BUGREPORT='brad@danga.com'
PACKAGE_NAME='memcached'
PACKAGE_STRING='memcached 1.2.7'
PACKAGE_TARNAME='memcached'
PACKAGE_URL=''
PACKAGE_VERSION='1.2.7'
PATH_SEPARATOR=':'
SET_MAKE=''
SHELL='/bin/bash'
STRIP=''
VERSION='1.2.7'
ac_ct_CC='gcc'
am__fastdepCC_FALSE='#'
am__fastdepCC_TRUE=''
am__include='include'
am__isrc=''
am__leading_dot='.'
am__quote=''
am__tar='${AMTAR} chof - "$$tardir"'
am__untar='${AMTAR} xf -'
bindir='${exec_prefix}/bin'
build='x86_64-unknown-linux-gnu'
build_alias=''
build_cpu='x86_64'
build_os='linux-gnu'
build_vendor='unknown'
datadir='${datarootdir}'
datarootdir='${prefix}/share'
docdir='${datarootdir}/doc/${PACKAGE_TARNAME}'
dvidir='${docdir}'
exec_prefix='${prefix}'
host='x86_64-unknown-linux-gnu'
host_alias=''
host_cpu='x86_64'
host_os='linux-gnu'
host_vendor='unknown'
htmldir='${docdir}'
includedir='${prefix}/include'
infodir='${datarootdir}/info'
install_sh='$(SHELL) /home/TrackFM/apps/memcached-1.2.7/install-sh'
libdir='${exec_prefix}/lib'
libexecdir='${exec_prefix}/libexec'
localedir='${datarootdir}/locale'
localstatedir='${prefix}/var'
mandir='${datarootdir}/man'
mkdir_p='/bin/mkdir -p'
oldincludedir='/usr/include'
pdfdir='${docdir}'
prefix='/usr/local'
program_transform_name='s,x,x,'
psdir='${docdir}'
runstatedir='${localstatedir}/run'
sbindir='${exec_prefix}/sbin'
sharedstatedir='${prefix}/com'
sysconfdir='${prefix}/etc'
target='x86_64-unknown-linux-gnu'
target_alias=''
target_cpu='x86_64'
target_os='linux-gnu'
target_vendor='unknown'

## ----------- ##
## confdefs.h. ##
## ----------- ##

/* confdefs.h */
#define PACKAGE_NAME "memcached"
#define PACKAGE_TARNAME "memcached"
#define PACKAGE_VERSION "1.2.7"
#define PACKAGE_STRING "memcached 1.2.7"
#define PACKAGE_BUGREPORT "brad@danga.com"
#define PACKAGE_URL ""
#define PACKAGE "memcached"
#define VERSION "1.2.7"
#define ENABLE_DTRACE 0
#define HAVE_DAEMON /**/
#define STDC_HEADERS 1
#define HAVE_SYS_TYPES_H 1
#define HAVE_SYS_STAT_H 1
#define HAVE_STDLIB_H 1
#define HAVE_STRING_H 1
#define HAVE_MEMORY_H 1
#define HAVE_STRINGS_H 1
#define HAVE_INTTYPES_H 1
#define HAVE_STDINT_H 1
#define HAVE_UNISTD_H 1
#define HAVE__BOOL 1
#define HAVE_STDBOOL_H 1
#define HAVE_MALLOC_H /**/
#define HAVE_STRUCT_MALLINFO /**/
#define ENDIAN_LITTLE 1
#define HAVE_MLOCKALL 1

configure: exit 0

## ---------------------- ##
## Running config.status. ##
## ---------------------- ##

This file was extended by memcached config.status 1.2.7, which was
generated by GNU Autoconf 2.69.  Invocation command line was

  CONFIG_FILES    = 
  CONFIG_HEADERS  = 
  CONFIG_LINKS    = 
  CONFIG_COMMANDS = 
  $ ./config.status 

on node-0.btauro-162616.rmt-pg0.utah.cloudlab.us

config.status:872: creating Makefile
config.status:872: creating doc/Makefile
config.status:872: creating config.h
config.status:1053: config.h is unchanged
config.status:1101: executing depfiles commands

## ---------------------- ##
## Running config.status. ##
## ---------------------- ##

This file was extended by memcached config.status 1.2.7, which was
generated by GNU Autoconf 2.69.  Invocation command line was

  CONFIG_FILES    = 
  CONFIG_HEADERS  = 
  CONFIG_LINKS    = 
  CONFIG_COMMANDS = 
  $ ./config.status config.h

on node-0.btauro-162616.rmt-pg0.utah.cloudlab.us

config.status:872: creating config.h
